Using pre-set license
Built from '2021.1/release' branch; Version is '2021.1.16f1 (5fa502fca597) revision 6268162'; Using compiler version '192528614'; Build Type 'Release'
OS: 'Windows 10 Pro; OS build 18363.1679; Version 1909; 64bit' Language: 'zh' Physical Memory: 20444 MB
BatchMode: 1, IsHumanControllingUs: 0, StartBugReporterOnCrash: 0, Is64bit: 1, IsPro: 0

 COMMAND LINE ARGUMENTS:
C:\Program Files\Unity\Hub\Editor\2021.1.16f1\Editor\Unity.exe
-adb2
-batchMode
-noUpm
-name
AssetImportWorker0
-projectPath
D:/unity 3d/something
-logFile
Logs/AssetImportWorker0.log
-srvPort
52880
Successfully changed project path to: D:/unity 3d/something
D:/unity 3d/something
Using Asset Import Pipeline V2.
Refreshing native plugins compatible for Editor in 111.02 ms, found 3 plugins.
Preloading 0 native plugins for Editor in 0.00 ms.
Initialize engine version: 2021.1.16f1 (5fa502fca597)
[Subsystems] Discovering subsystems at path C:/Program Files/Unity/Hub/Editor/2021.1.16f1/Editor/Data/Resources/UnitySubsystems
[Subsystems] Discovering subsystems at path D:/unity 3d/something/Assets
GfxDevice: creating device client; threaded=0; jobified=0
Direct3D:
    Version:  Direct3D 11.0 [level 11.1]
    Renderer: Radeon RX 570 Series (ID=0x67df)
    Vendor:   ATI
    VRAM:     4075 MB
    Driver:   27.20.22021.1002
Initialize mono
Mono path[0] = 'C:/Program Files/Unity/Hub/Editor/2021.1.16f1/Editor/Data/Managed'
Mono path[1] = 'C:/Program Files/Unity/Hub/Editor/2021.1.16f1/Editor/Data/MonoBleedingEdge/lib/mono/unityjit'
Mono config path = 'C:/Program Files/Unity/Hub/Editor/2021.1.16f1/Editor/Data/MonoBleedingEdge/etc'
Using monoOptions --debugger-agent=transport=dt_socket,embedding=1,server=y,suspend=n,address=127.0.0.1:56860
Begin MonoManager ReloadAssembly
Registering precompiled unity dll's ...
Register platform support module: C:/Program Files/Unity/Hub/Editor/2021.1.16f1/Editor/Data/PlaybackEngines/WebGLSupport/UnityEditor.WebGL.Extensions.dll
Register platform support module: C:/Program Files/Unity/Hub/Editor/2021.1.16f1/Editor/Data/PlaybackEngines/WindowsStandaloneSupport/UnityEditor.WindowsStandalone.Extensions.dll
Registered in 0.003200 seconds.
Native extension for WindowsStandalone target not found
Native extension for WebGL target not found
Refreshing native plugins compatible for Editor in 114.41 ms, found 3 plugins.
Preloading 0 native plugins for Editor in 0.00 ms.
Mono: successfully reloaded assembly
- Completed reload, in  1.965 seconds
Domain Reload Profiling:
	ReloadAssembly (1966ms)
		BeginReloadAssembly (92ms)
			ExecutionOrderSort (0ms)
			DisableScriptedObjects (0ms)
			BackupInstance (0ms)
			ReleaseScriptingObjects (0ms)
			CreateAndSetChildDomain (1ms)
		EndReloadAssembly (664ms)
			LoadAssemblies (89ms)
			RebuildTransferFunctionScriptingTraits (0ms)
			SetupTypeCache (236ms)
			ReleaseScriptCaches (0ms)
			RebuildScriptCaches (45ms)
			SetupLoadedEditorAssemblies (316ms)
				LogAssemblyErrors (0ms)
				InitializePlatformSupportModulesInManaged (9ms)
				SetLoadedEditorAssemblies (0ms)
				RefreshPlugins (115ms)
				BeforeProcessingInitializeOnLoad (2ms)
				ProcessInitializeOnLoadAttributes (143ms)
				ProcessInitializeOnLoadMethodAttributes (46ms)
				AfterProcessingInitializeOnLoad (0ms)
				EditorAssembliesLoaded (0ms)
			ExecutionOrderSort2 (0ms)
			AwakeInstancesAfterBackupRestoration (0ms)
Platform modules already initialized, skipping
Registering precompiled user dll's ...
Registered in 0.006912 seconds.
Begin MonoManager ReloadAssembly
Symbol file LoadedFromMemory doesn't match image D:\unity 3d\something\Library\PackageCache\com.unity.visualscripting@1.6.1\Editor\VisualScripting.Core\Dependencies\YamlDotNet\Unity.VisualScripting.YamlDotNet.dll
Symbol file LoadedFromMemory doesn't match image D:\unity 3d\something\Library\PackageCache\com.unity.visualscripting@1.6.1\Editor\VisualScripting.Core\Dependencies\DotNetZip\Unity.VisualScripting.IonicZip.dll
Native extension for WindowsStandalone target not found
Native extension for WebGL target not found
Refreshing native plugins compatible for Editor in 0.84 ms, found 3 plugins.
Preloading 0 native plugins for Editor in 0.00 ms.
Mono: successfully reloaded assembly
- Completed reload, in  1.793 seconds
Domain Reload Profiling:
	ReloadAssembly (1794ms)
		BeginReloadAssembly (241ms)
			ExecutionOrderSort (0ms)
			DisableScriptedObjects (7ms)
			BackupInstance (0ms)
			ReleaseScriptingObjects (0ms)
			CreateAndSetChildDomain (29ms)
		EndReloadAssembly (1464ms)
			LoadAssemblies (149ms)
			RebuildTransferFunctionScriptingTraits (0ms)
			SetupTypeCache (502ms)
			ReleaseScriptCaches (1ms)
			RebuildScriptCaches (71ms)
			SetupLoadedEditorAssemblies (615ms)
				LogAssemblyErrors (0ms)
				InitializePlatformSupportModulesInManaged (9ms)
				SetLoadedEditorAssemblies (1ms)
				RefreshPlugins (1ms)
				BeforeProcessingInitializeOnLoad (99ms)
				ProcessInitializeOnLoadAttributes (488ms)
				ProcessInitializeOnLoadMethodAttributes (7ms)
				AfterProcessingInitializeOnLoad (11ms)
				EditorAssembliesLoaded (0ms)
			ExecutionOrderSort2 (0ms)
			AwakeInstancesAfterBackupRestoration (13ms)
Platform modules already initialized, skipping
========================================================================
Worker process is ready to serve import requests
Launched and connected shader compiler UnityShaderCompiler.exe after 0.09 seconds
Refreshing native plugins compatible for Editor in 0.71 ms, found 3 plugins.
Preloading 0 native plugins for Editor in 0.00 ms.
Unloading 2952 Unused Serialized files (Serialized files now loaded: 0)
System memory in use before: 122.4 MB.
System memory in use after: 122.6 MB.

Unloading 23 unused Assets to reduce memory usage. Loaded Objects now: 3411.
Total: 4.012100 ms (FindLiveObjects: 0.272100 ms CreateObjectMapping: 0.122700 ms MarkObjects: 3.517000 ms  DeleteObjects: 0.098700 ms)

AssetImportParameters requested are different than current active one (requested -> active):
  custom:framework-win-MediaFoundation: 216162199b28c13a410421893ffa2e32 -> 
  custom:video-decoder-ogg-theora: a1e56fd34408186e4bbccfd4996cb3dc -> 
  custom:container-muxer-webm: aa71ff27fc2769a1b78a27578f13a17b -> 
  custom:container-demuxer-webm: 4f35f7cbe854078d1ac9338744f61a02 -> 
  custom:container-demuxer-ogg: 62fdf1f143b41e24485cea50d1cbac27 -> 
  custom:video-encoder-webm-vp8: eb34c28f22e8b96e1ab97ce403110664 -> 
  custom:video-decoder-webm-vp8: 9c59270c3fd7afecdb556c50c9e8de78 -> 
  custom:audio-decoder-ogg-vorbis: bf7c407c2cedff20999df2af8eb42d56 -> 
  custom:audio-encoder-webm-vorbis: bf7c407c2cedff20999df2af8eb42d56 -> 
========================================================================
Received Import Request.
  path: Assets/tabel
  artifactKey: Guid(e3d6ffb93f5b68947902ee17bc86fb08) Importer(815301076,1909f56bfc062723c751e8b465ee728b)
Start importing Assets/tabel using Guid(e3d6ffb93f5b68947902ee17bc86fb08) Importer(815301076,1909f56bfc062723c751e8b465ee728b)  -> (artifact id: '65da8268f9fdafecfc691db0e78b87b3') in 0.020800 seconds 
========================================================================
Received Import Request.
  Time since last request: 0.000366 seconds.
  path: Assets/tabel/table.fbx
  artifactKey: Guid(36e14b878eee67446b7d88aaaae44878) Importer(815301076,1909f56bfc062723c751e8b465ee728b)
Start importing Assets/tabel/table.fbx using Guid(36e14b878eee67446b7d88aaaae44878) Importer(815301076,1909f56bfc062723c751e8b465ee728b)  -> (artifact id: '42e0b354047b4fa0eace4f5fc2b437ae') in 0.286357 seconds 
========================================================================
Received Import Request.
  Time since last request: 10.835793 seconds.
  path: Assets/photo
  artifactKey: Guid(a75695243078755428eb255e0e8c4e08) Importer(815301076,1909f56bfc062723c751e8b465ee728b)
Start importing Assets/photo using Guid(a75695243078755428eb255e0e8c4e08) Importer(815301076,1909f56bfc062723c751e8b465ee728b)  -> (artifact id: '03bd017deaa887323cca74117641f143') in 0.007537 seconds 
========================================================================
Received Import Request.
  Time since last request: 2.183012 seconds.
  path: Assets/photo/000000000016244576-gallery-01-20191202120838282.jpg
  artifactKey: Guid(2a2672c5d91f7994e96d3e4641e62033) Importer(815301076,1909f56bfc062723c751e8b465ee728b)
Start importing Assets/photo/000000000016244576-gallery-01-20191202120838282.jpg using Guid(2a2672c5d91f7994e96d3e4641e62033) Importer(815301076,1909f56bfc062723c751e8b465ee728b)  -> (artifact id: '93cdf0deae71229970c0ad15c6ea9aec') in 0.093885 seconds 
========================================================================
Received Import Request.
  Time since last request: 0.000346 seconds.
  path: Assets/photo/photo2.fbx
  artifactKey: Guid(24df1dc9975e5884fba2e193f60d0dce) Importer(815301076,1909f56bfc062723c751e8b465ee728b)
Start importing Assets/photo/photo2.fbx using Guid(24df1dc9975e5884fba2e193f60d0dce) Importer(815301076,1909f56bfc062723c751e8b465ee728b)  -> (artifact id: '4abab295fa38c6f9546457f3bd748931') in 0.039852 seconds 
========================================================================
Received Import Request.
  Time since last request: 0.000310 seconds.
  path: Assets/photo/photo1.fbx
  artifactKey: Guid(d62b46ad72d06584d8079a082a9c1121) Importer(815301076,1909f56bfc062723c751e8b465ee728b)
Start importing Assets/photo/photo1.fbx using Guid(d62b46ad72d06584d8079a082a9c1121) Importer(815301076,1909f56bfc062723c751e8b465ee728b)  -> (artifact id: '40ad4127e1c521c40ac79ba1eda9c1b0') in 0.038600 seconds 
========================================================================
Received Import Request.
  Time since last request: 0.000194 seconds.
  path: Assets/photo/photo3.fbx
  artifactKey: Guid(38c4b9c62ea9fb047860cb4dee17ef4d) Importer(815301076,1909f56bfc062723c751e8b465ee728b)
Start importing Assets/photo/photo3.fbx using Guid(38c4b9c62ea9fb047860cb4dee17ef4d) Importer(815301076,1909f56bfc062723c751e8b465ee728b)  -> (artifact id: '87dc47a1b42b6b4fa21fa0c3e9969b9e') in 0.034122 seconds 
========================================================================
Received Import Request.
  Time since last request: 0.000274 seconds.
  path: Assets/photo/illust_78127940_20200330_145754.png
  artifactKey: Guid(ff180fcbc1b81e943b2761eabfed254c) Importer(815301076,1909f56bfc062723c751e8b465ee728b)
Start importing Assets/photo/illust_78127940_20200330_145754.png using Guid(ff180fcbc1b81e943b2761eabfed254c) Importer(815301076,1909f56bfc062723c751e8b465ee728b)  -> (artifact id: 'c5aec9ffb61ab3c5c9901917ec692d62') in 0.014723 seconds 
========================================================================
Received Import Request.
  Time since last request: 23.023491 seconds.
  path: Assets/hamer
  artifactKey: Guid(132ebb84e111a434680bd6712796b0eb) Importer(815301076,1909f56bfc062723c751e8b465ee728b)
Start importing Assets/hamer using Guid(132ebb84e111a434680bd6712796b0eb) Importer(815301076,1909f56bfc062723c751e8b465ee728b)  -> (artifact id: '9dce97d17737af1f3060f38ef8b8ca01') in 0.002790 seconds 
========================================================================
Received Import Request.
  Time since last request: 37.311248 seconds.
  path: Assets/mode
  artifactKey: Guid(238bf73bc0ca4584890e6c5f3b58b9de) Importer(815301076,1909f56bfc062723c751e8b465ee728b)
Start importing Assets/mode using Guid(238bf73bc0ca4584890e6c5f3b58b9de) Importer(815301076,1909f56bfc062723c751e8b465ee728b)  -> (artifact id: 'cf55319ec1be6997f4010c0293ec26ea') in 0.007233 seconds 
========================================================================
Received Import Request.
  Time since last request: 12.661067 seconds.
  path: Assets/model
  artifactKey: Guid(238bf73bc0ca4584890e6c5f3b58b9de) Importer(815301076,1909f56bfc062723c751e8b465ee728b)
Start importing Assets/model using Guid(238bf73bc0ca4584890e6c5f3b58b9de) Importer(815301076,1909f56bfc062723c751e8b465ee728b)  -> (artifact id: '0e4e14d18a5aafc8d9fa54d2644d67fc') in 0.008153 seconds 
========================================================================
Received Import Request.
  Time since last request: 40.216926 seconds.
  path: Assets/model/hamer
  artifactKey: Guid(1a39ecfbb2da87d47a005be04388edef) Importer(815301076,1909f56bfc062723c751e8b465ee728b)
Start importing Assets/model/hamer using Guid(1a39ecfbb2da87d47a005be04388edef) Importer(815301076,1909f56bfc062723c751e8b465ee728b)  -> (artifact id: 'ea915a98a0c1333807d70ad9010f12a8') in 0.002792 seconds 
========================================================================
Received Import Request.
  Time since last request: 0.059451 seconds.
  path: Assets/model/hamer/000000000016244576-gallery-01-20191202120838282.jpg
  artifactKey: Guid(a796d9faca46f4942be6bc70830c95a1) Importer(815301076,1909f56bfc062723c751e8b465ee728b)
Start importing Assets/model/hamer/000000000016244576-gallery-01-20191202120838282.jpg using Guid(a796d9faca46f4942be6bc70830c95a1) Importer(815301076,1909f56bfc062723c751e8b465ee728b)  -> (artifact id: '6e9a34ff36762566db2c2f4683db8e76') in 0.016517 seconds 
========================================================================
Received Import Request.
  Time since last request: 0.000340 seconds.
  path: Assets/model/hamer/hamer.fbx
  artifactKey: Guid(9d287754e49d79b42b99ba4a101ea5ef) Importer(815301076,1909f56bfc062723c751e8b465ee728b)
Start importing Assets/model/hamer/hamer.fbx using Guid(9d287754e49d79b42b99ba4a101ea5ef) Importer(815301076,1909f56bfc062723c751e8b465ee728b)  -> (artifact id: '18fe9f811369f583c1028eb803a9257d') in 0.037334 seconds 
========================================================================
Received Import Request.
  Time since last request: 0.000357 seconds.
  path: Assets/model/hamer/hamer003.fbx
  artifactKey: Guid(e2e28238a7088a84e9ea26de98c33405) Importer(815301076,1909f56bfc062723c751e8b465ee728b)
Start importing Assets/model/hamer/hamer003.fbx using Guid(e2e28238a7088a84e9ea26de98c33405) Importer(815301076,1909f56bfc062723c751e8b465ee728b)  -> (artifact id: '5ece0cefe1d3ebb9e739a02a49ba1a90') in 0.030409 seconds 
========================================================================
Received Import Request.
  Time since last request: 0.000282 seconds.
  path: Assets/model/hamer/hamer002.fbx
  artifactKey: Guid(c283e647fe3010642a3e9ce48a0c1e37) Importer(815301076,1909f56bfc062723c751e8b465ee728b)
Start importing Assets/model/hamer/hamer002.fbx using Guid(c283e647fe3010642a3e9ce48a0c1e37) Importer(815301076,1909f56bfc062723c751e8b465ee728b)  -> (artifact id: '89cc0627caae29d1af69b136f45784a4') in 0.040826 seconds 
========================================================================
Received Import Request.
  Time since last request: 113.932500 seconds.
  path: Assets/model/photo
  artifactKey: Guid(9aaf1994022dd2045b197dab63c76700) Importer(815301076,1909f56bfc062723c751e8b465ee728b)
Start importing Assets/model/photo using Guid(9aaf1994022dd2045b197dab63c76700) Importer(815301076,1909f56bfc062723c751e8b465ee728b)  -> (artifact id: '4187c495351c4509911691f68977f4e1') in 0.004407 seconds 
========================================================================
Received Import Request.
  Time since last request: 0.042938 seconds.
  path: Assets/model/photo/000000000016244576-gallery-01-20191202120838282.jpg
  artifactKey: Guid(31d779bd3f1d6314da71149f28d5128e) Importer(815301076,1909f56bfc062723c751e8b465ee728b)
Start importing Assets/model/photo/000000000016244576-gallery-01-20191202120838282.jpg using Guid(31d779bd3f1d6314da71149f28d5128e) Importer(815301076,1909f56bfc062723c751e8b465ee728b)  -> (artifact id: '01f0f79700fda2d183a312b021e9bfb1') in 0.011095 seconds 
========================================================================
Received Import Request.
  Time since last request: 0.000310 seconds.
  path: Assets/model/photo/illust_78127940_20200330_145754.png
  artifactKey: Guid(cda66e8212c96314c87bcab534f71c84) Importer(815301076,1909f56bfc062723c751e8b465ee728b)
Start importing Assets/model/photo/illust_78127940_20200330_145754.png using Guid(cda66e8212c96314c87bcab534f71c84) Importer(815301076,1909f56bfc062723c751e8b465ee728b)  -> (artifact id: 'e6017da71ed3ace35f91eb7f4d40b0d7') in 0.017311 seconds 
========================================================================
Received Import Request.
  Time since last request: 0.000351 seconds.
  path: Assets/model/photo/photo3.fbx
  artifactKey: Guid(d42a33db757702545898fa89d3558cb6) Importer(815301076,1909f56bfc062723c751e8b465ee728b)
Start importing Assets/model/photo/photo3.fbx using Guid(d42a33db757702545898fa89d3558cb6) Importer(815301076,1909f56bfc062723c751e8b465ee728b)  -> (artifact id: '31716ae9c943c8d787caa0b8441c20d8') in 0.031832 seconds 
========================================================================
Received Import Request.
  Time since last request: 0.000337 seconds.
  path: Assets/model/photo/photo2.fbx
  artifactKey: Guid(f253e14575770764d866ea3c1cda99d6) Importer(815301076,1909f56bfc062723c751e8b465ee728b)
Start importing Assets/model/photo/photo2.fbx using Guid(f253e14575770764d866ea3c1cda99d6) Importer(815301076,1909f56bfc062723c751e8b465ee728b)  -> (artifact id: 'cf331f04dbe188e2538eed6a2a291a69') in 0.031797 seconds 
========================================================================
Received Import Request.
  Time since last request: 0.000254 seconds.
  path: Assets/model/photo/photo1.fbx
  artifactKey: Guid(bc7c4af81d13e114e9113d3b762dfc37) Importer(815301076,1909f56bfc062723c751e8b465ee728b)
Start importing Assets/model/photo/photo1.fbx using Guid(bc7c4af81d13e114e9113d3b762dfc37) Importer(815301076,1909f56bfc062723c751e8b465ee728b)  -> (artifact id: 'a4651fb163217c4070dee9cdd75f240b') in 0.034706 seconds 
========================================================================
Received Prepare
Registering precompiled user dll's ...
Registered in 0.004875 seconds.
Begin MonoManager ReloadAssembly
Symbol file LoadedFromMemory doesn't match image D:\unity 3d\something\Library\PackageCache\com.unity.visualscripting@1.6.1\Editor\VisualScripting.Core\Dependencies\YamlDotNet\Unity.VisualScripting.YamlDotNet.dll
Symbol file LoadedFromMemory doesn't match image D:\unity 3d\something\Library\PackageCache\com.unity.visualscripting@1.6.1\Editor\VisualScripting.Core\Dependencies\DotNetZip\Unity.VisualScripting.IonicZip.dll
Native extension for WindowsStandalone target not found
Native extension for WebGL target not found
Refreshing native plugins compatible for Editor in 0.71 ms, found 3 plugins.
Preloading 0 native plugins for Editor in 0.00 ms.
Mono: successfully reloaded assembly
- Completed reload, in  1.686 seconds
Domain Reload Profiling:
	ReloadAssembly (1686ms)
		BeginReloadAssembly (173ms)
			ExecutionOrderSort (0ms)
			DisableScriptedObjects (7ms)
			BackupInstance (0ms)
			ReleaseScriptingObjects (0ms)
			CreateAndSetChildDomain (53ms)
		EndReloadAssembly (1422ms)
			LoadAssemblies (142ms)
			RebuildTransferFunctionScriptingTraits (0ms)
			SetupTypeCache (541ms)
			ReleaseScriptCaches (1ms)
			RebuildScriptCaches (69ms)
			SetupLoadedEditorAssemblies (522ms)
				LogAssemblyErrors (0ms)
				InitializePlatformSupportModulesInManaged (8ms)
				SetLoadedEditorAssemblies (1ms)
				RefreshPlugins (1ms)
				BeforeProcessingInitializeOnLoad (70ms)
				ProcessInitializeOnLoadAttributes (426ms)
				ProcessInitializeOnLoadMethodAttributes (5ms)
				AfterProcessingInitializeOnLoad (9ms)
				EditorAssembliesLoaded (0ms)
			ExecutionOrderSort2 (0ms)
			AwakeInstancesAfterBackupRestoration (19ms)
Platform modules already initialized, skipping
Refreshing native plugins compatible for Editor in 0.75 ms, found 3 plugins.
Preloading 0 native plugins for Editor in 0.00 ms.
Unloading 2950 Unused Serialized files (Serialized files now loaded: 0)
System memory in use before: 130.2 MB.
System memory in use after: 130.4 MB.

Unloading 18 unused Assets to reduce memory usage. Loaded Objects now: 3532.
Total: 7.990200 ms (FindLiveObjects: 0.326700 ms CreateObjectMapping: 0.232200 ms MarkObjects: 7.356700 ms  DeleteObjects: 0.072700 ms)

AssetImportParameters requested are different than current active one (requested -> active):
  custom:framework-win-MediaFoundation: 216162199b28c13a410421893ffa2e32 -> 
  custom:video-decoder-ogg-theora: a1e56fd34408186e4bbccfd4996cb3dc -> 
  custom:container-muxer-webm: aa71ff27fc2769a1b78a27578f13a17b -> 
  custom:container-demuxer-webm: 4f35f7cbe854078d1ac9338744f61a02 -> 
  custom:container-demuxer-ogg: 62fdf1f143b41e24485cea50d1cbac27 -> 
  custom:video-encoder-webm-vp8: eb34c28f22e8b96e1ab97ce403110664 -> 
  custom:video-decoder-webm-vp8: 9c59270c3fd7afecdb556c50c9e8de78 -> 
  custom:audio-decoder-ogg-vorbis: bf7c407c2cedff20999df2af8eb42d56 -> 
  custom:audio-encoder-webm-vorbis: bf7c407c2cedff20999df2af8eb42d56 -> 
========================================================================
Received Prepare
Registering precompiled user dll's ...
Registered in 0.004878 seconds.
Begin MonoManager ReloadAssembly
Symbol file LoadedFromMemory doesn't match image D:\unity 3d\something\Library\PackageCache\com.unity.visualscripting@1.6.1\Editor\VisualScripting.Core\Dependencies\YamlDotNet\Unity.VisualScripting.YamlDotNet.dll
Symbol file LoadedFromMemory doesn't match image D:\unity 3d\something\Library\PackageCache\com.unity.visualscripting@1.6.1\Editor\VisualScripting.Core\Dependencies\DotNetZip\Unity.VisualScripting.IonicZip.dll
Native extension for WindowsStandalone target not found
Native extension for WebGL target not found
Refreshing native plugins compatible for Editor in 0.93 ms, found 3 plugins.
Preloading 0 native plugins for Editor in 0.00 ms.
Mono: successfully reloaded assembly
- Completed reload, in  1.711 seconds
Domain Reload Profiling:
	ReloadAssembly (1712ms)
		BeginReloadAssembly (179ms)
			ExecutionOrderSort (0ms)
			DisableScriptedObjects (9ms)
			BackupInstance (0ms)
			ReleaseScriptingObjects (0ms)
			CreateAndSetChildDomain (54ms)
		EndReloadAssembly (1426ms)
			LoadAssemblies (143ms)
			RebuildTransferFunctionScriptingTraits (0ms)
			SetupTypeCache (526ms)
			ReleaseScriptCaches (1ms)
			RebuildScriptCaches (66ms)
			SetupLoadedEditorAssemblies (546ms)
				LogAssemblyErrors (0ms)
				InitializePlatformSupportModulesInManaged (9ms)
				SetLoadedEditorAssemblies (1ms)
				RefreshPlugins (1ms)
				BeforeProcessingInitializeOnLoad (77ms)
				ProcessInitializeOnLoadAttributes (441ms)
				ProcessInitializeOnLoadMethodAttributes (5ms)
				AfterProcessingInitializeOnLoad (11ms)
				EditorAssembliesLoaded (0ms)
			ExecutionOrderSort2 (0ms)
			AwakeInstancesAfterBackupRestoration (19ms)
Platform modules already initialized, skipping
Refreshing native plugins compatible for Editor in 0.74 ms, found 3 plugins.
Preloading 0 native plugins for Editor in 0.00 ms.
Unloading 2947 Unused Serialized files (Serialized files now loaded: 0)
System memory in use before: 130.2 MB.
System memory in use after: 130.4 MB.

Unloading 18 unused Assets to reduce memory usage. Loaded Objects now: 3535.
Total: 4.556100 ms (FindLiveObjects: 0.302500 ms CreateObjectMapping: 0.152200 ms MarkObjects: 4.006100 ms  DeleteObjects: 0.093300 ms)

AssetImportParameters requested are different than current active one (requested -> active):
  custom:framework-win-MediaFoundation: 216162199b28c13a410421893ffa2e32 -> 
  custom:video-decoder-ogg-theora: a1e56fd34408186e4bbccfd4996cb3dc -> 
  custom:container-muxer-webm: aa71ff27fc2769a1b78a27578f13a17b -> 
  custom:container-demuxer-webm: 4f35f7cbe854078d1ac9338744f61a02 -> 
  custom:container-demuxer-ogg: 62fdf1f143b41e24485cea50d1cbac27 -> 
  custom:video-encoder-webm-vp8: eb34c28f22e8b96e1ab97ce403110664 -> 
  custom:video-decoder-webm-vp8: 9c59270c3fd7afecdb556c50c9e8de78 -> 
  custom:audio-decoder-ogg-vorbis: bf7c407c2cedff20999df2af8eb42d56 -> 
  custom:audio-encoder-webm-vorbis: bf7c407c2cedff20999df2af8eb42d56 -> 
========================================================================
Received Prepare
Registering precompiled user dll's ...
Registered in 0.005092 seconds.
Begin MonoManager ReloadAssembly
Symbol file LoadedFromMemory doesn't match image D:\unity 3d\something\Library\PackageCache\com.unity.visualscripting@1.6.1\Editor\VisualScripting.Core\Dependencies\YamlDotNet\Unity.VisualScripting.YamlDotNet.dll
Symbol file LoadedFromMemory doesn't match image D:\unity 3d\something\Library\PackageCache\com.unity.visualscripting@1.6.1\Editor\VisualScripting.Core\Dependencies\DotNetZip\Unity.VisualScripting.IonicZip.dll
Native extension for WindowsStandalone target not found
Native extension for WebGL target not found
Refreshing native plugins compatible for Editor in 1.20 ms, found 3 plugins.
Preloading 0 native plugins for Editor in 0.00 ms.
Mono: successfully reloaded assembly
- Completed reload, in  1.726 seconds
Domain Reload Profiling:
	ReloadAssembly (1726ms)
		BeginReloadAssembly (270ms)
			ExecutionOrderSort (0ms)
			DisableScriptedObjects (56ms)
			BackupInstance (0ms)
			ReleaseScriptingObjects (0ms)
			CreateAndSetChildDomain (54ms)
		EndReloadAssembly (1363ms)
			LoadAssemblies (188ms)
			RebuildTransferFunctionScriptingTraits (0ms)
			SetupTypeCache (484ms)
			ReleaseScriptCaches (1ms)
			RebuildScriptCaches (61ms)
			SetupLoadedEditorAssemblies (539ms)
				LogAssemblyErrors (0ms)
				InitializePlatformSupportModulesInManaged (8ms)
				SetLoadedEditorAssemblies (1ms)
				RefreshPlugins (1ms)
				BeforeProcessingInitializeOnLoad (72ms)
				ProcessInitializeOnLoadAttributes (440ms)
				ProcessInitializeOnLoadMethodAttributes (6ms)
				AfterProcessingInitializeOnLoad (11ms)
				EditorAssembliesLoaded (0ms)
			ExecutionOrderSort2 (0ms)
			AwakeInstancesAfterBackupRestoration (21ms)
Platform modules already initialized, skipping
Refreshing native plugins compatible for Editor in 0.87 ms, found 3 plugins.
Preloading 0 native plugins for Editor in 0.00 ms.
Unloading 2947 Unused Serialized files (Serialized files now loaded: 0)
System memory in use before: 130.2 MB.
System memory in use after: 130.4 MB.

Unloading 18 unused Assets to reduce memory usage. Loaded Objects now: 3538.
Total: 5.503000 ms (FindLiveObjects: 0.481500 ms CreateObjectMapping: 0.178000 ms MarkObjects: 4.765700 ms  DeleteObjects: 0.075700 ms)

AssetImportParameters requested are different than current active one (requested -> active):
  custom:framework-win-MediaFoundation: 216162199b28c13a410421893ffa2e32 -> 
  custom:video-decoder-ogg-theora: a1e56fd34408186e4bbccfd4996cb3dc -> 
  custom:container-muxer-webm: aa71ff27fc2769a1b78a27578f13a17b -> 
  custom:container-demuxer-webm: 4f35f7cbe854078d1ac9338744f61a02 -> 
  custom:container-demuxer-ogg: 62fdf1f143b41e24485cea50d1cbac27 -> 
  custom:video-encoder-webm-vp8: eb34c28f22e8b96e1ab97ce403110664 -> 
  custom:video-decoder-webm-vp8: 9c59270c3fd7afecdb556c50c9e8de78 -> 
  custom:audio-decoder-ogg-vorbis: bf7c407c2cedff20999df2af8eb42d56 -> 
  custom:audio-encoder-webm-vorbis: bf7c407c2cedff20999df2af8eb42d56 -> 
AssetImportWorkerClient::OnTransportError - code=2 error=End of file
